TA PTA_TA_1日线_20180822 210851,OptTask_3667,0
TA PTA_TA_1日线_20180822 211323,OptTask_4556,0
TA PTA_TA_1日线_20180822 211448,OptTask_4833,0
RB 螺纹_RB_1日线_20180822 212433,OptTask_6743,0
RB 螺纹_RB_1日线_20180822 212750,OptTask_7387,0
RB 螺纹_RB_1日线_20180822 213319,OptTask_8461,0
RB 螺纹_RB_1日线_20180822 214613,OptTask_0990,0
AL 铝_AL_1日线_20180822 215643,OptTask_0276,0
AL 铝_AL_1日线_20180822 220152,OptTask_1285,0
CU 铜_CU_1日线_20180822 223254,OptTask_7366,0
CU 铜_CU_1日线_20180822 223448,OptTask_7738,0
CU 铜_CU_1日线_20180822 223828,OptTask_8456,0
RU 橡胶_RU_1日线_20180822 225602,OptTask_1899,0
RU 橡胶_RU_1日线_20180822 225832,OptTask_2389,0
V PVC_V_1日线_20180822 230512,OptTask_3695,0
V PVC_V_1日线_20180822 231044,OptTask_4779,0
M 豆粕_M_1日线_20180822 235521,OptTask_3522,0
M 豆粕_M_1日线_20180822 235818,OptTask_4100,0
M 豆粕_M_1日线_20180823 000139,OptTask_4757,0
M 豆粕_M_1日线_20180823 000210,OptTask_4858,0
J 焦炭_J_1日线_20180823 074113,OptTask_6497,0
P 棕榈油_P_1日线_20180823 081520,OptTask_3183,0
P 棕榈油_P_1日线_20180823 081736,OptTask_3627,0
P 棕榈油_P_1日线_20180823 081800,OptTask_3705,0
P 棕榈油_P_1日线_20180823 082247,OptTask_4642,0
P 棕榈油_P_1日线_20180823 082507,OptTask_5099,0
MA 甲醇_MA_1日线_20180823 082902,OptTask_5867,0
MA 甲醇_MA_1日线_20180823 083035,OptTask_6171,0
MA 甲醇_MA_1日线_20180823 083329,OptTask_6739,0
AU 黄金_AU_1日线_20180823 084656,OptTask_9374,0
AU 黄金_AU_1日线_20180823 084809,OptTask_9612,0
AU 黄金_AU_1日线_20180823 085115,OptTask_0221,0
AU 黄金_AU_1日线_20180823 085136,OptTask_0289,0
L 塑料_L_1日线_20180823 085713,OptTask_1390,0
L 塑料_L_1日线_20180823 090019,OptTask_1997,0
L 塑料_L_1日线_20180823 090043,OptTask_2076,0
IF 股指_IF_1日线_20180825 092009,OptTask_0349,0
工作区1_ZN_1日线_20180829 095044,OptTask_0816,0
工作区1_ZN_1日线_20180829 095250,OptTask_1227,0
工作区1_ZN_1日线_20180829 111715,OptTask_4998,0
